<?xml version="1.0" encoding="UTF-8" ?>
<testsuite tests="5" failures="0" name="testRunner.TestRunner" time="138.568" errors="0" skipped="0">
  <properties>
[...]
</properties>
  <testcase classname="Customer" name="Add new customer" time="37.057"/>
  <testcase classname="Customer" name="Search Customer by Email" time="26.88"/>
  <testcase classname="Customer" name="Search Customer by Name" time="26.972"/>
  <testcase classname="Login" name="Login with valid credential" time="23.686"/>
  <testcase classname="Login" name="Login data driven" time="23.973"/>
</testsuite>